<?xml version="1.0" encoding="UTF-8"?>
<testsuite name="com.github.prreviewbot.GitHubPrReviewBotApplicationTests" tests="1" skipped="0" failures="0" errors="0" timestamp="2025-10-27T11:09:39" hostname="ayush.bemera-GY4CM0PXL6" time="0.476">
  <properties/>
  <testcase name="contextLoads()" classname="com.github.prreviewbot.GitHubPrReviewBotApplicationTests" time="0.476"/>
  <system-out><![CDATA[16:39:38.520 [Test worker] INFO org.springframework.test.context.support.AnnotationConfigContextLoaderUtils -- Could not detect default configuration classes for test class [com.github.prreviewbot.GitHubPrReviewBotApplicationTests]: GitHubPrReviewBotApplicationTests does not declare any static, non-private, non-final, nested classes annotated with @Configuration.
16:39:38.567 [Test worker] INFO org.springframework.boot.test.context.SpringBootTestContextBootstrapper -- Found @SpringBootConfiguration com.github.prreviewbot.GitHubPrReviewBotApplication for test class com.github.prreviewbot.GitHubPrReviewBotApplicationTests

  .   ____          _            __ _ _
 /\\ / ___'_ __ _ _(_)_ __  __ _ \ \ \ \
( ( )\___ | '_ | '_| | '_ \/ _` | \ \ \ \
 \\/  ___)| |_)| | | | | || (_| |  ) ) ) )
  '  |____| .__|_| |_|_| |_\__, | / / / /
 =========|_|==============|___/=/_/_/_/
 :: Spring Boot ::                (v3.2.0)

2025-10-27 16:39:38 - Starting GitHubPrReviewBotApplicationTests using Java 21.0.7 with PID 53933 (started by ayush.bemera in /Users/ayush.bemera/github-pr-review-bot)
2025-10-27 16:39:38 - Running with Spring Boot v3.2.0, Spring v6.1.1
2025-10-27 16:39:38 - The following 1 profile is active: "dev"
2025-10-27 16:39:38 - Refreshing org.springframework.web.context.support.GenericWebApplicationContext@1eaf1e62
2025-10-27 16:39:39 - 4 mappings in 'requestMappingHandlerMapping'
2025-10-27 16:39:39 - Patterns [/webjars/**, /**] in 'resourceHandlerMapping'
2025-10-27 16:39:39 - ControllerAdvice beans: 0 @ModelAttribute, 0 @InitBinder, 1 RequestBodyAdvice, 1 ResponseBodyAdvice
2025-10-27 16:39:39 - ControllerAdvice beans: 0 @ExceptionHandler, 1 ResponseBodyAdvice
2025-10-27 16:39:39 - 

Using generated security password: ac445547-0714-47fe-8268-6d1e54b9ec84

This generated password is for development use only. Your security configuration must be updated before running your application in production.

2025-10-27 16:39:39 - Exposing 3 endpoint(s) beneath base path '/actuator'
2025-10-27 16:39:39 - Will secure any request with [org.springframework.security.web.session.DisableEncodeUrlFilter@2e0516a3, org.springframework.security.web.context.request.async.WebAsyncManagerIntegrationFilter@32a4ea4e, org.springframework.security.web.context.SecurityContextHolderFilter@588d630d, org.springframework.security.web.header.HeaderWriterFilter@4ef31221, org.springframework.web.filter.CorsFilter@347b370c, org.springframework.security.web.csrf.CsrfFilter@7b52b18a, org.springframework.security.web.authentication.logout.LogoutFilter@2c1a8529, org.springframework.security.web.authentication.UsernamePasswordAuthenticationFilter@24f177f5, org.springframework.security.web.authentication.ui.DefaultLoginPageGeneratingFilter@dde6f87, org.springframework.security.web.authentication.ui.DefaultLogoutPageGeneratingFilter@26aee0a6, org.springframework.security.web.authentication.www.BasicAuthenticationFilter@6cde0c69, org.springframework.security.web.savedrequest.RequestCacheAwareFilter@459d2ee6, org.springframework.security.web.servletapi.SecurityContextHolderAwareRequestFilter@5342eec5, org.springframework.security.web.authentication.AnonymousAuthenticationFilter@20184ade, org.springframework.security.web.access.ExceptionTranslationFilter@7fcc3745, org.springframework.security.web.access.intercept.AuthorizationFilter@3578a45b]
2025-10-27 16:39:39 - Started GitHubPrReviewBotApplicationTests in 1.224 seconds (process running for 1.782)
]]></system-out>
  <system-err><![CDATA[WARNING: A Java agent has been loaded dynamically (/Users/ayush.bemera/.gradle/caches/modules-2/files-2.1/net.bytebuddy/byte-buddy-agent/1.14.10/90ed94ac044ea8953b224304c762316e91fd6b31/byte-buddy-agent-1.14.10.jar)
WARNING: If a serviceability tool is in use, please run with -XX:+EnableDynamicAgentLoading to hide this warning
WARNING: If a serviceability tool is not in use, please run with -Djdk.instrument.traceUsage for more information
WARNING: Dynamic loading of agents will be disallowed by default in a future release
]]></system-err>
</testsuite>
